C:\POC1\phase3\ECommunicationPortal\ECommunicationPortal\app\app.component.js
C:\POC1\phase3\ECommunicationPortal\ECommunicationPortal\app\app.component.js.map
C:\POC1\phase3\ECommunicationPortal\ECommunicationPortal\app\components\home.component.js
C:\POC1\phase3\ECommunicationPortal\ECommunicationPortal\app\components\home.component.js.map
C:\POC1\phase3\ECommunicationPortal\ECommunicationPortal\app\Service\user.service.js
C:\POC1\phase3\ECommunicationPortal\ECommunicationPortal\app\Service\user.service.js.map
C:\POC1\phase3\ECommunicationPortal\ECommunicationPortal\app\Models\user.js
C:\POC1\phase3\ECommunicationPortal\ECommunicationPortal\app\Models\user.js.map
C:\POC1\phase3\ECommunicationPortal\ECommunicationPortal\app\Shared\enum.js
C:\POC1\phase3\ECommunicationPortal\ECommunicationPortal\app\Shared\enum.js.map
C:\POC1\phase3\ECommunicationPortal\ECommunicationPortal\app\Shared\global.js
C:\POC1\phase3\ECommunicationPortal\ECommunicationPortal\app\Shared\global.js.map
C:\POC1\phase3\ECommunicationPortal\ECommunicationPortal\app\components\user.component.js
C:\POC1\phase3\ECommunicationPortal\ECommunicationPortal\app\components\user.component.js.map
C:\POC1\phase3\ECommunicationPortal\ECommunicationPortal\app\Service\email.service.js
C:\POC1\phase3\ECommunicationPortal\ECommunicationPortal\app\Service\email.service.js.map
C:\POC1\phase3\ECommunicationPortal\ECommunicationPortal\app\Models\email.js
C:\POC1\phase3\ECommunicationPortal\ECommunicationPortal\app\Models\email.js.map
C:\POC1\phase3\ECommunicationPortal\ECommunicationPortal\app\components\email.component.js
C:\POC1\phase3\ECommunicationPortal\ECommunicationPortal\app\components\email.component.js.map
C:\POC1\phase3\ECommunicationPortal\ECommunicationPortal\app\app.routing.js
C:\POC1\phase3\ECommunicationPortal\ECommunicationPortal\app\app.routing.js.map
C:\POC1\phase3\ECommunicationPortal\ECommunicationPortal\app\app.module.js
C:\POC1\phase3\ECommunicationPortal\ECommunicationPortal\app\app.module.js.map
C:\POC1\phase3\ECommunicationPortal\ECommunicationPortal\app\main.js
C:\POC1\phase3\ECommunicationPortal\ECommunicationPortal\app\main.js.map
C:\POC1\phase3\ECommunicationPortal\ECommunicationPortal\app\Directives\dropdown-config.js
C:\POC1\phase3\ECommunicationPortal\ECommunicationPortal\app\Directives\dropdown-config.js.map
C:\POC1\phase3\ECommunicationPortal\ECommunicationPortal\app\Directives\dropdown.js
C:\POC1\phase3\ECommunicationPortal\ECommunicationPortal\app\Directives\dropdown.js.map
