0 info it worked if it ends with ok
1 verbose cli [ 'C:\\Program Files (x86)\\Microsoft Visual Studio\\2017\\Community\\Web\\External\\Node.exe',
1 verbose cli   'C:\\Program Files (x86)\\Microsoft Visual Studio\\2017\\Community\\Web\\External\\node_modules\\npm\\bin\\npm-cli.js',
1 verbose cli   'install' ]
2 info using npm@3.3.4
3 info using node@v5.4.1
4 silly loadCurrentTree Starting
5 silly install loadCurrentTree
6 silly install readLocalPackageData
7 silly install normalizeTree
8 silly loadCurrentTree Finishing
9 silly loadIdealTree Starting
10 silly install loadIdealTree
11 silly cloneCurrentTree Starting
12 silly install cloneCurrentTreeToIdealTree
13 silly cloneCurrentTree Finishing
14 silly loadShrinkwrap Starting
15 silly install loadShrinkwrap
16 silly loadShrinkwrap Finishing
17 silly loadAllDepsIntoIdealTree Starting
18 silly install loadAllDepsIntoIdealTree
19 silly fetchNamedPackageData ng2-bs3-modal
20 silly mapToRegistry name ng2-bs3-modal
21 silly mapToRegistry using default registry
22 silly mapToRegistry registry https://registry.npmjs.org/
23 silly mapToRegistry uri https://registry.npmjs.org/ng2-bs3-modal
24 silly fetchNamedPackageData ng2-search-filter
25 silly mapToRegistry name ng2-search-filter
26 silly mapToRegistry using default registry
27 silly mapToRegistry registry https://registry.npmjs.org/
28 silly mapToRegistry uri https://registry.npmjs.org/ng2-search-filter
29 verbose request uri https://registry.npmjs.org/ng2-search-filter
30 verbose request no auth needed
31 info attempt registry request try #1 at 11:14:53 AM
32 verbose request id f1ee9225e03f2a17
33 verbose etag W/"59338c0b-a79d"
34 verbose lastModified Sun, 04 Jun 2017 04:26:51 GMT
35 http request GET https://registry.npmjs.org/ng2-search-filter
36 verbose request uri https://registry.npmjs.org/ng2-bs3-modal
37 verbose request no auth needed
38 info attempt registry request try #1 at 11:14:53 AM
39 verbose etag W/"58b91eae-19a9b"
40 verbose lastModified Fri, 03 Mar 2017 07:43:42 GMT
41 http request GET https://registry.npmjs.org/ng2-bs3-modal
42 http 304 https://registry.npmjs.org/ng2-search-filter
43 verbose headers { date: 'Sun, 13 Aug 2017 18:14:51 GMT',
43 verbose headers   via: '1.1 varnish',
43 verbose headers   'cache-control': 'max-age=300',
43 verbose headers   etag: 'W/"59338c0b-a79d"',
43 verbose headers   age: '75',
43 verbose headers   connection: 'keep-alive',
43 verbose headers   'x-served-by': 'cache-sea1050-SEA',
43 verbose headers   'x-cache': 'HIT',
43 verbose headers   'x-cache-hits': '1',
43 verbose headers   'x-timer': 'S1502648091.438395,VS0,VE0',
43 verbose headers   vary: 'Accept-Encoding, Accept' }
44 silly get cb [ 304,
44 silly get   { date: 'Sun, 13 Aug 2017 18:14:51 GMT',
44 silly get     via: '1.1 varnish',
44 silly get     'cache-control': 'max-age=300',
44 silly get     etag: 'W/"59338c0b-a79d"',
44 silly get     age: '75',
44 silly get     connection: 'keep-alive',
44 silly get     'x-served-by': 'cache-sea1050-SEA',
44 silly get     'x-cache': 'HIT',
44 silly get     'x-cache-hits': '1',
44 silly get     'x-timer': 'S1502648091.438395,VS0,VE0',
44 silly get     vary: 'Accept-Encoding, Accept' } ]
45 verbose etag https://registry.npmjs.org/ng2-search-filter from cache
46 verbose get saving ng2-search-filter to C:\Users\v-weiyc\AppData\Roaming\npm-cache\registry.npmjs.org\ng2-search-filter\.cache.json
47 http 304 https://registry.npmjs.org/ng2-bs3-modal
48 verbose headers { date: 'Sun, 13 Aug 2017 18:14:51 GMT',
48 verbose headers   via: '1.1 varnish',
48 verbose headers   'cache-control': 'max-age=300',
48 verbose headers   etag: 'W/"58b91eae-19a9b"',
48 verbose headers   age: '75',
48 verbose headers   connection: 'keep-alive',
48 verbose headers   'x-served-by': 'cache-sea1025-SEA',
48 verbose headers   'x-cache': 'HIT',
48 verbose headers   'x-cache-hits': '1',
48 verbose headers   'x-timer': 'S1502648091.442581,VS0,VE0',
48 verbose headers   vary: 'Accept-Encoding, Accept' }
49 silly get cb [ 304,
49 silly get   { date: 'Sun, 13 Aug 2017 18:14:51 GMT',
49 silly get     via: '1.1 varnish',
49 silly get     'cache-control': 'max-age=300',
49 silly get     etag: 'W/"58b91eae-19a9b"',
49 silly get     age: '75',
49 silly get     connection: 'keep-alive',
49 silly get     'x-served-by': 'cache-sea1025-SEA',
49 silly get     'x-cache': 'HIT',
49 silly get     'x-cache-hits': '1',
49 silly get     'x-timer': 'S1502648091.442581,VS0,VE0',
49 silly get     vary: 'Accept-Encoding, Accept' } ]
50 verbose etag https://registry.npmjs.org/ng2-bs3-modal from cache
51 verbose get saving ng2-bs3-modal to C:\Users\v-weiyc\AppData\Roaming\npm-cache\registry.npmjs.org\ng2-bs3-modal\.cache.json
52 silly fetchPackageMetaData Error: No compatible version found: ng2-bs3-modal@3.3.4
52 silly fetchPackageMetaData Valid install targets:
52 silly fetchPackageMetaData ["0.10.4","0.10.3","0.10.2","0.10.1","0.10.0","0.9.2","0.9.1","0.9.0","0.8.1","0.8.0","0.7.0","0.6.1","0.6.0","0.5.2","0.5.1","0.5.0","0.4.7","0.4.6","0.4.5","0.4.4","0.4.3","0.4.2","0.4.1","0.4.0","0.3.1","0.3.0","0.2.2","0.2.1","0.2.0","0.1.7","0.1.6","0.1.5","0.1.4","0.1.3","0.1.2","0.1.1","0.1.0"]
52 silly fetchPackageMetaData
52 silly fetchPackageMetaData     at pickVersionFromRegistryDocument (C:\Program Files (x86)\Microsoft Visual Studio\2017\Community\Web\External\node_modules\npm\lib\fetch-package-metadata.js:146:16)
52 silly fetchPackageMetaData     at C:\Program Files (x86)\Microsoft Visual Studio\2017\Community\Web\External\node_modules\iferr\index.js:13:50
52 silly fetchPackageMetaData     at C:\Program Files (x86)\Microsoft Visual Studio\2017\Community\Web\External\node_modules\npm\lib\utils\pulse-till-done.js:19:8
52 silly fetchPackageMetaData     at saved (C:\Program Files (x86)\Microsoft Visual Studio\2017\Community\Web\External\node_modules\npm\lib\cache\caching-client.js:168:7)
52 silly fetchPackageMetaData     at C:\Program Files (x86)\Microsoft Visual Studio\2017\Community\Web\External\node_modules\npm\node_modules\graceful-fs\polyfills.js:210:7
52 silly fetchPackageMetaData     at FSReqWrap.oncomplete (fs.js:82:15)
52 silly fetchPackageMetaData  error for ng2-bs3-modal@3.3.4 [Error: No compatible version found: ng2-bs3-modal@3.3.4
52 silly fetchPackageMetaData Valid install targets:
52 silly fetchPackageMetaData ["0.10.4","0.10.3","0.10.2","0.10.1","0.10.0","0.9.2","0.9.1","0.9.0","0.8.1","0.8.0","0.7.0","0.6.1","0.6.0","0.5.2","0.5.1","0.5.0","0.4.7","0.4.6","0.4.5","0.4.4","0.4.3","0.4.2","0.4.1","0.4.0","0.3.1","0.3.0","0.2.2","0.2.1","0.2.0","0.1.7","0.1.6","0.1.5","0.1.4","0.1.3","0.1.2","0.1.1","0.1.0"]
52 silly fetchPackageMetaData ]
53 silly resolveWithNewModule ng2-search-filter@0.3.1 checking installable status
54 silly cache add args [ 'ng2-search-filter@0.3.1', null ]
55 verbose cache add spec ng2-search-filter@0.3.1
56 silly cache add parsed spec Result {
56 silly cache add   raw: 'ng2-search-filter@0.3.1',
56 silly cache add   scope: null,
56 silly cache add   name: 'ng2-search-filter',
56 silly cache add   rawSpec: '0.3.1',
56 silly cache add   spec: '0.3.1',
56 silly cache add   type: 'version' }
57 silly addNamed ng2-search-filter@0.3.1
58 verbose addNamed "0.3.1" is a plain semver version for ng2-search-filter
59 silly mapToRegistry name ng2-search-filter
60 silly mapToRegistry using default registry
61 silly mapToRegistry registry https://registry.npmjs.org/
62 silly mapToRegistry uri https://registry.npmjs.org/ng2-search-filter
63 verbose addNameVersion registry:https://registry.npmjs.org/ng2-search-filter not in flight; fetching
64 verbose get https://registry.npmjs.org/ng2-search-filter not expired, no request
65 silly cache afterAdd ng2-search-filter@0.3.1
66 verbose afterAdd C:\Users\v-weiyc\AppData\Roaming\npm-cache\ng2-search-filter\0.3.1\package\package.json not in flight; writing
67 verbose afterAdd C:\Users\v-weiyc\AppData\Roaming\npm-cache\ng2-search-filter\0.3.1\package\package.json written
68 silly rollbackFailedOptional Starting
69 silly rollbackFailedOptional Finishing
70 silly runTopLevelLifecycles Starting
71 silly runTopLevelLifecycles Finishing
72 silly install printInstalled
73 verbose stack Error: No compatible version found: ng2-bs3-modal@3.3.4
73 verbose stack Valid install targets:
73 verbose stack ["0.10.4","0.10.3","0.10.2","0.10.1","0.10.0","0.9.2","0.9.1","0.9.0","0.8.1","0.8.0","0.7.0","0.6.1","0.6.0","0.5.2","0.5.1","0.5.0","0.4.7","0.4.6","0.4.5","0.4.4","0.4.3","0.4.2","0.4.1","0.4.0","0.3.1","0.3.0","0.2.2","0.2.1","0.2.0","0.1.7","0.1.6","0.1.5","0.1.4","0.1.3","0.1.2","0.1.1","0.1.0"]
73 verbose stack
73 verbose stack     at pickVersionFromRegistryDocument (C:\Program Files (x86)\Microsoft Visual Studio\2017\Community\Web\External\node_modules\npm\lib\fetch-package-metadata.js:146:16)
73 verbose stack     at C:\Program Files (x86)\Microsoft Visual Studio\2017\Community\Web\External\node_modules\iferr\index.js:13:50
73 verbose stack     at C:\Program Files (x86)\Microsoft Visual Studio\2017\Community\Web\External\node_modules\npm\lib\utils\pulse-till-done.js:19:8
73 verbose stack     at saved (C:\Program Files (x86)\Microsoft Visual Studio\2017\Community\Web\External\node_modules\npm\lib\cache\caching-client.js:168:7)
73 verbose stack     at C:\Program Files (x86)\Microsoft Visual Studio\2017\Community\Web\External\node_modules\npm\node_modules\graceful-fs\polyfills.js:210:7
73 verbose stack     at FSReqWrap.oncomplete (fs.js:82:15)
74 verbose cwd C:\POC1\phase3\ECommunicationPortal\ECommunicationPortal
75 error Windows_NT 10.0.15063
76 error argv "C:\\Program Files (x86)\\Microsoft Visual Studio\\2017\\Community\\Web\\External\\Node.exe" "C:\\Program Files (x86)\\Microsoft Visual Studio\\2017\\Community\\Web\\External\\node_modules\\npm\\bin\\npm-cli.js" "install"
77 error node v5.4.1
78 error npm  v3.3.4
79 error No compatible version found: ng2-bs3-modal@3.3.4
79 error Valid install targets:
79 error ["0.10.4","0.10.3","0.10.2","0.10.1","0.10.0","0.9.2","0.9.1","0.9.0","0.8.1","0.8.0","0.7.0","0.6.1","0.6.0","0.5.2","0.5.1","0.5.0","0.4.7","0.4.6","0.4.5","0.4.4","0.4.3","0.4.2","0.4.1","0.4.0","0.3.1","0.3.0","0.2.2","0.2.1","0.2.0","0.1.7","0.1.6","0.1.5","0.1.4","0.1.3","0.1.2","0.1.1","0.1.0"]
80 error If you need help, you may report this error at:
80 error     <https://github.com/npm/npm/issues>
81 verbose exit [ 1, true ]
